{"level":"info","message":"✅ Database connection established successfully","service":"database-api","timestamp":"2025-08-08T21:00:09.666Z"}
{"level":"info","message":"✅ Redis connection established successfully","service":"database-api","timestamp":"2025-08-08T21:00:09.671Z"}
{"level":"info","message":"✅ Redis ready on database 0","service":"database-api","timestamp":"2025-08-08T21:00:09.673Z"}
{"level":"info","message":"✅ Redis connected successfully to database 0","service":"database-api","timestamp":"2025-08-08T21:00:09.675Z"}
{"level":"info","message":"✅ DatabaseService initialized successfully","service":"database-api","timestamp":"2025-08-08T21:00:09.675Z"}
{"level":"info","message":"✅ DatabaseService initialized successfully","service":"database-api","timestamp":"2025-08-08T21:00:09.675Z"}
{"level":"info","message":"WebSocket server setup on path: /ws","service":"database-api","timestamp":"2025-08-08T21:00:09.681Z"}
{"level":"info","message":"🚀 Database API server running on port 3001","service":"database-api","timestamp":"2025-08-08T21:00:09.682Z"}
{"level":"info","message":"📊 Environment: development","service":"database-api","timestamp":"2025-08-08T21:00:09.683Z"}
{"level":"info","message":"🔗 API Base URL: http://localhost:3001/api/v1","service":"database-api","timestamp":"2025-08-08T21:00:09.683Z"}
{"level":"info","message":"🔌 WebSocket server running on port 3002","service":"database-api","timestamp":"2025-08-08T21:00:09.683Z"}
{"level":"info","message":"🔗 WebSocket URL: ws://localhost:3002/ws","service":"database-api","timestamp":"2025-08-08T21:00:09.683Z"}
{"level":"info","message":"✅ Database connection established successfully","service":"database-api","timestamp":"2025-08-08T21:00:18.154Z"}
{"level":"info","message":"✅ Redis connection established successfully","service":"database-api","timestamp":"2025-08-08T21:00:18.158Z"}
{"level":"info","message":"✅ Redis ready on database 0","service":"database-api","timestamp":"2025-08-08T21:00:18.161Z"}
{"level":"info","message":"✅ Redis connected successfully to database 0","service":"database-api","timestamp":"2025-08-08T21:00:18.162Z"}
{"level":"info","message":"✅ DatabaseService initialized successfully","service":"database-api","timestamp":"2025-08-08T21:00:18.162Z"}
{"level":"info","message":"✅ DatabaseService initialized successfully","service":"database-api","timestamp":"2025-08-08T21:00:18.163Z"}
{"level":"info","message":"WebSocket server setup on path: /ws","service":"database-api","timestamp":"2025-08-08T21:00:18.170Z"}
{"level":"info","message":"🚀 Database API server running on port 3001","service":"database-api","timestamp":"2025-08-08T21:00:18.171Z"}
{"level":"info","message":"📊 Environment: development","service":"database-api","timestamp":"2025-08-08T21:00:18.171Z"}
{"level":"info","message":"🔗 API Base URL: http://localhost:3001/api/v1","service":"database-api","timestamp":"2025-08-08T21:00:18.172Z"}
{"level":"info","message":"🔌 WebSocket server running on port 3002","service":"database-api","timestamp":"2025-08-08T21:00:18.172Z"}
{"level":"info","message":"🔗 WebSocket URL: ws://localhost:3002/ws","service":"database-api","timestamp":"2025-08-08T21:00:18.173Z"}
{"level":"info","message":"Getting schema overview","service":"database-api","tenantId":"3437aee6-8543-48d7-89f5-49b256411b01","timestamp":"2025-08-08T21:00:26.931Z"}
{"level":"info","message":"Using saved DBML for tenant 3437aee6-8543-48d7-89f5-49b256411b01, parsing schema","service":"database-api","timestamp":"2025-08-08T21:00:26.938Z"}
{"level":"info","message":"Parsed DBML: 1 tables, 0 relationships","service":"database-api","timestamp":"2025-08-08T21:00:26.939Z"}
{"level":"info","message":"Schema overview retrieved successfully","relationshipsCount":0,"service":"database-api","tenantId":"3437aee6-8543-48d7-89f5-49b256411b01","timestamp":"2025-08-08T21:00:26.940Z","totalRows":0,"totalTables":1}
{"level":"info","message":"::1 - - [08/Aug/2025:21:00:26 +0000] \"GET /api/v1/schemas/3437aee6-8543-48d7-89f5-49b256411b01/overview HTTP/1.1\" 200 902 \"http://localhost:3000/\" \"Mozilla/5.0 (Windows NT 10.0; Win64; x64) AppleWebKit/537.36 (KHTML, like Gecko) Code/1.103.0 Chrome/138.0.7204.100 Electron/37.2.3 Safari/537.36\"","service":"database-api","timestamp":"2025-08-08T21:00:26.944Z"}
{"duration":"15ms","ip":"::1","level":"info","message":"Request completed:","method":"GET","service":"database-api","status":200,"timestamp":"2025-08-08T21:00:26.945Z","url":"/3437aee6-8543-48d7-89f5-49b256411b01/overview","userAgent":"Mozilla/5.0 (Windows NT 10.0; Win64; x64) AppleWebKit/537.36 (KHTML, like Gecko) Code/1.103.0 Chrome/138.0.7204.100 Electron/37.2.3 Safari/537.36"}
{"level":"info","message":"Updating tenant schema","schemaName":"Schema","service":"database-api","tenantId":"3437aee6-8543-48d7-89f5-49b256411b01","timestamp":"2025-08-08T21:00:30.962Z"}
{"level":"info","message":"Tenant schema JSON updated successfully","schemaId":"a8b85e8d-a31b-43e2-b3b6-8fe4e9b0aa57","schemaName":"Schema","service":"database-api","tenantId":"3437aee6-8543-48d7-89f5-49b256411b01","timestamp":"2025-08-08T21:00:30.967Z","version":39}
{"codeLength":172,"level":"info","message":"Recreating actual PostgreSQL schema from DBML","schemaId":"a8b85e8d-a31b-43e2-b3b6-8fe4e9b0aa57","service":"database-api","tenantId":"3437aee6-8543-48d7-89f5-49b256411b01","timestamp":"2025-08-08T21:00:30.967Z"}
{"databaseName":"tenant_3437aee6_8543_48d7_89f5_49b256411b01","level":"info","message":"✅ Created database pool for tenant database \"tenant_3437aee6_8543_48d7_89f5_49b256411b01\"","service":"database-api","tenantId":"3437aee6-8543-48d7-89f5-49b256411b01","timestamp":"2025-08-08T21:00:30.982Z"}
{"level":"info","message":"Recreating schema for tenant 3437aee6-8543-48d7-89f5-49b256411b01 in tenant's own database","service":"database-api","timestamp":"2025-08-08T21:00:30.983Z"}
{"level":"info","message":"Dropped all existing tables in tenant database for complete recreation","service":"database-api","timestamp":"2025-08-08T21:00:30.989Z"}
{"level":"info","message":"Parsed DBML to SQL: 1 tables, 0 constraints","service":"database-api","timestamp":"2025-08-08T21:00:30.990Z"}
{"level":"info","message":"Created 1 tables","service":"database-api","timestamp":"2025-08-08T21:00:30.995Z"}
{"level":"info","message":"Processed 0 constraints","service":"database-api","timestamp":"2025-08-08T21:00:30.995Z"}
{"level":"info","message":"Successfully recreated schema for tenant 3437aee6-8543-48d7-89f5-49b256411b01 in their own database","service":"database-api","timestamp":"2025-08-08T21:00:30.997Z"}
{"level":"info","message":"PostgreSQL schema recreation completed successfully","schemaId":"a8b85e8d-a31b-43e2-b3b6-8fe4e9b0aa57","service":"database-api","tenantId":"3437aee6-8543-48d7-89f5-49b256411b01","timestamp":"2025-08-08T21:00:30.997Z"}
{"level":"info","message":"Tenant schema updated successfully","schemaId":"a8b85e8d-a31b-43e2-b3b6-8fe4e9b0aa57","schemaName":"Schema","service":"database-api","tenantId":"3437aee6-8543-48d7-89f5-49b256411b01","timestamp":"2025-08-08T21:00:30.997Z"}
{"level":"info","message":"::1 - - [08/Aug/2025:21:00:30 +0000] \"PUT /api/v1/schemas/3437aee6-8543-48d7-89f5-49b256411b01/update HTTP/1.1\" 200 568 \"http://localhost:3000/\" \"Mozilla/5.0 (Windows NT 10.0; Win64; x64) AppleWebKit/537.36 (KHTML, like Gecko) Code/1.103.0 Chrome/138.0.7204.100 Electron/37.2.3 Safari/537.36\"","service":"database-api","timestamp":"2025-08-08T21:00:30.998Z"}
{"duration":"45ms","ip":"::1","level":"info","message":"Request completed:","method":"PUT","service":"database-api","status":200,"timestamp":"2025-08-08T21:00:30.998Z","url":"/3437aee6-8543-48d7-89f5-49b256411b01/update","userAgent":"Mozilla/5.0 (Windows NT 10.0; Win64; x64) AppleWebKit/537.36 (KHTML, like Gecko) Code/1.103.0 Chrome/138.0.7204.100 Electron/37.2.3 Safari/537.36"}
{"level":"info","message":"Getting schema overview","service":"database-api","tenantId":"3437aee6-8543-48d7-89f5-49b256411b01","timestamp":"2025-08-08T21:00:31.001Z"}
{"level":"info","message":"Using saved DBML for tenant 3437aee6-8543-48d7-89f5-49b256411b01, parsing schema","service":"database-api","timestamp":"2025-08-08T21:00:31.003Z"}
{"level":"info","message":"Parsed DBML: 1 tables, 0 relationships","service":"database-api","timestamp":"2025-08-08T21:00:31.004Z"}
{"level":"info","message":"Schema overview retrieved successfully","relationshipsCount":0,"service":"database-api","tenantId":"3437aee6-8543-48d7-89f5-49b256411b01","timestamp":"2025-08-08T21:00:31.004Z","totalRows":0,"totalTables":1}
{"level":"info","message":"::1 - - [08/Aug/2025:21:00:31 +0000] \"GET /api/v1/schemas/3437aee6-8543-48d7-89f5-49b256411b01/overview HTTP/1.1\" 200 898 \"http://localhost:3000/\" \"Mozilla/5.0 (Windows NT 10.0; Win64; x64) AppleWebKit/537.36 (KHTML, like Gecko) Code/1.103.0 Chrome/138.0.7204.100 Electron/37.2.3 Safari/537.36\"","service":"database-api","timestamp":"2025-08-08T21:00:31.004Z"}
{"duration":"4ms","ip":"::1","level":"info","message":"Request completed:","method":"GET","service":"database-api","status":200,"timestamp":"2025-08-08T21:00:31.005Z","url":"/3437aee6-8543-48d7-89f5-49b256411b01/overview","userAgent":"Mozilla/5.0 (Windows NT 10.0; Win64; x64) AppleWebKit/537.36 (KHTML, like Gecko) Code/1.103.0 Chrome/138.0.7204.100 Electron/37.2.3 Safari/537.36"}
{"level":"info","message":"Updating tenant schema","schemaName":"Schema","service":"database-api","tenantId":"3437aee6-8543-48d7-89f5-49b256411b01","timestamp":"2025-08-08T21:00:34.002Z"}
{"level":"info","message":"Tenant schema JSON updated successfully","schemaId":"a8b85e8d-a31b-43e2-b3b6-8fe4e9b0aa57","schemaName":"Schema","service":"database-api","tenantId":"3437aee6-8543-48d7-89f5-49b256411b01","timestamp":"2025-08-08T21:00:34.005Z","version":40}
{"codeLength":175,"level":"info","message":"Recreating actual PostgreSQL schema from DBML","schemaId":"a8b85e8d-a31b-43e2-b3b6-8fe4e9b0aa57","service":"database-api","tenantId":"3437aee6-8543-48d7-89f5-49b256411b01","timestamp":"2025-08-08T21:00:34.005Z"}
{"level":"info","message":"Recreating schema for tenant 3437aee6-8543-48d7-89f5-49b256411b01 in tenant's own database","service":"database-api","timestamp":"2025-08-08T21:00:34.006Z"}
{"level":"info","message":"Dropped all existing tables in tenant database for complete recreation","service":"database-api","timestamp":"2025-08-08T21:00:34.009Z"}
{"level":"info","message":"Parsed DBML to SQL: 1 tables, 0 constraints","service":"database-api","timestamp":"2025-08-08T21:00:34.010Z"}
{"level":"info","message":"Created 1 tables","service":"database-api","timestamp":"2025-08-08T21:00:34.014Z"}
{"level":"info","message":"Processed 0 constraints","service":"database-api","timestamp":"2025-08-08T21:00:34.014Z"}
{"level":"info","message":"Successfully recreated schema for tenant 3437aee6-8543-48d7-89f5-49b256411b01 in their own database","service":"database-api","timestamp":"2025-08-08T21:00:34.016Z"}
{"level":"info","message":"PostgreSQL schema recreation completed successfully","schemaId":"a8b85e8d-a31b-43e2-b3b6-8fe4e9b0aa57","service":"database-api","tenantId":"3437aee6-8543-48d7-89f5-49b256411b01","timestamp":"2025-08-08T21:00:34.016Z"}
{"level":"info","message":"Tenant schema updated successfully","schemaId":"a8b85e8d-a31b-43e2-b3b6-8fe4e9b0aa57","schemaName":"Schema","service":"database-api","tenantId":"3437aee6-8543-48d7-89f5-49b256411b01","timestamp":"2025-08-08T21:00:34.016Z"}
{"level":"info","message":"::1 - - [08/Aug/2025:21:00:34 +0000] \"PUT /api/v1/schemas/3437aee6-8543-48d7-89f5-49b256411b01/update HTTP/1.1\" 200 572 \"http://localhost:3000/\" \"Mozilla/5.0 (Windows NT 10.0; Win64; x64) AppleWebKit/537.36 (KHTML, like Gecko) Code/1.103.0 Chrome/138.0.7204.100 Electron/37.2.3 Safari/537.36\"","service":"database-api","timestamp":"2025-08-08T21:00:34.017Z"}
{"duration":"16ms","ip":"::1","level":"info","message":"Request completed:","method":"PUT","service":"database-api","status":200,"timestamp":"2025-08-08T21:00:34.017Z","url":"/3437aee6-8543-48d7-89f5-49b256411b01/update","userAgent":"Mozilla/5.0 (Windows NT 10.0; Win64; x64) AppleWebKit/537.36 (KHTML, like Gecko) Code/1.103.0 Chrome/138.0.7204.100 Electron/37.2.3 Safari/537.36"}
{"level":"info","message":"Getting schema overview","service":"database-api","tenantId":"3437aee6-8543-48d7-89f5-49b256411b01","timestamp":"2025-08-08T21:00:34.020Z"}
{"level":"info","message":"Using saved DBML for tenant 3437aee6-8543-48d7-89f5-49b256411b01, parsing schema","service":"database-api","timestamp":"2025-08-08T21:00:34.021Z"}
{"level":"info","message":"Parsed DBML: 1 tables, 0 relationships","service":"database-api","timestamp":"2025-08-08T21:00:34.022Z"}
{"level":"info","message":"Schema overview retrieved successfully","relationshipsCount":0,"service":"database-api","tenantId":"3437aee6-8543-48d7-89f5-49b256411b01","timestamp":"2025-08-08T21:00:34.022Z","totalRows":0,"totalTables":1}
{"level":"info","message":"::1 - - [08/Aug/2025:21:00:34 +0000] \"GET /api/v1/schemas/3437aee6-8543-48d7-89f5-49b256411b01/overview HTTP/1.1\" 200 904 \"http://localhost:3000/\" \"Mozilla/5.0 (Windows NT 10.0; Win64; x64) AppleWebKit/537.36 (KHTML, like Gecko) Code/1.103.0 Chrome/138.0.7204.100 Electron/37.2.3 Safari/537.36\"","service":"database-api","timestamp":"2025-08-08T21:00:34.022Z"}
{"duration":"4ms","ip":"::1","level":"info","message":"Request completed:","method":"GET","service":"database-api","status":200,"timestamp":"2025-08-08T21:00:34.023Z","url":"/3437aee6-8543-48d7-89f5-49b256411b01/overview","userAgent":"Mozilla/5.0 (Windows NT 10.0; Win64; x64) AppleWebKit/537.36 (KHTML, like Gecko) Code/1.103.0 Chrome/138.0.7204.100 Electron/37.2.3 Safari/537.36"}
{"level":"info","message":"Updating tenant schema","schemaName":"Schema","service":"database-api","tenantId":"3437aee6-8543-48d7-89f5-49b256411b01","timestamp":"2025-08-08T21:00:34.664Z"}
{"level":"info","message":"Tenant schema JSON updated successfully","schemaId":"a8b85e8d-a31b-43e2-b3b6-8fe4e9b0aa57","schemaName":"Schema","service":"database-api","tenantId":"3437aee6-8543-48d7-89f5-49b256411b01","timestamp":"2025-08-08T21:00:34.667Z","version":41}
{"codeLength":173,"level":"info","message":"Recreating actual PostgreSQL schema from DBML","schemaId":"a8b85e8d-a31b-43e2-b3b6-8fe4e9b0aa57","service":"database-api","tenantId":"3437aee6-8543-48d7-89f5-49b256411b01","timestamp":"2025-08-08T21:00:34.668Z"}
{"level":"info","message":"Recreating schema for tenant 3437aee6-8543-48d7-89f5-49b256411b01 in tenant's own database","service":"database-api","timestamp":"2025-08-08T21:00:34.668Z"}
{"level":"info","message":"Dropped all existing tables in tenant database for complete recreation","service":"database-api","timestamp":"2025-08-08T21:00:34.671Z"}
{"level":"info","message":"Parsed DBML to SQL: 1 tables, 0 constraints","service":"database-api","timestamp":"2025-08-08T21:00:34.671Z"}
{"level":"info","message":"Created 1 tables","service":"database-api","timestamp":"2025-08-08T21:00:34.675Z"}
{"level":"info","message":"Processed 0 constraints","service":"database-api","timestamp":"2025-08-08T21:00:34.675Z"}
{"level":"info","message":"Successfully recreated schema for tenant 3437aee6-8543-48d7-89f5-49b256411b01 in their own database","service":"database-api","timestamp":"2025-08-08T21:00:34.677Z"}
{"level":"info","message":"PostgreSQL schema recreation completed successfully","schemaId":"a8b85e8d-a31b-43e2-b3b6-8fe4e9b0aa57","service":"database-api","tenantId":"3437aee6-8543-48d7-89f5-49b256411b01","timestamp":"2025-08-08T21:00:34.677Z"}
{"level":"info","message":"Tenant schema updated successfully","schemaId":"a8b85e8d-a31b-43e2-b3b6-8fe4e9b0aa57","schemaName":"Schema","service":"database-api","tenantId":"3437aee6-8543-48d7-89f5-49b256411b01","timestamp":"2025-08-08T21:00:34.678Z"}
{"level":"info","message":"::1 - - [08/Aug/2025:21:00:34 +0000] \"PUT /api/v1/schemas/3437aee6-8543-48d7-89f5-49b256411b01/update HTTP/1.1\" 200 569 \"http://localhost:3000/\" \"Mozilla/5.0 (Windows NT 10.0; Win64; x64) AppleWebKit/537.36 (KHTML, like Gecko) Code/1.103.0 Chrome/138.0.7204.100 Electron/37.2.3 Safari/537.36\"","service":"database-api","timestamp":"2025-08-08T21:00:34.678Z"}
{"duration":"14ms","ip":"::1","level":"info","message":"Request completed:","method":"PUT","service":"database-api","status":200,"timestamp":"2025-08-08T21:00:34.678Z","url":"/3437aee6-8543-48d7-89f5-49b256411b01/update","userAgent":"Mozilla/5.0 (Windows NT 10.0; Win64; x64) AppleWebKit/537.36 (KHTML, like Gecko) Code/1.103.0 Chrome/138.0.7204.100 Electron/37.2.3 Safari/537.36"}
{"level":"info","message":"Getting schema overview","service":"database-api","tenantId":"3437aee6-8543-48d7-89f5-49b256411b01","timestamp":"2025-08-08T21:00:34.681Z"}
{"level":"info","message":"Using saved DBML for tenant 3437aee6-8543-48d7-89f5-49b256411b01, parsing schema","service":"database-api","timestamp":"2025-08-08T21:00:34.683Z"}
{"level":"info","message":"Parsed DBML: 1 tables, 0 relationships","service":"database-api","timestamp":"2025-08-08T21:00:34.683Z"}
{"level":"info","message":"Schema overview retrieved successfully","relationshipsCount":0,"service":"database-api","tenantId":"3437aee6-8543-48d7-89f5-49b256411b01","timestamp":"2025-08-08T21:00:34.683Z","totalRows":0,"totalTables":1}
{"level":"info","message":"::1 - - [08/Aug/2025:21:00:34 +0000] \"GET /api/v1/schemas/3437aee6-8543-48d7-89f5-49b256411b01/overview HTTP/1.1\" 200 900 \"http://localhost:3000/\" \"Mozilla/5.0 (Windows NT 10.0; Win64; x64) AppleWebKit/537.36 (KHTML, like Gecko) Code/1.103.0 Chrome/138.0.7204.100 Electron/37.2.3 Safari/537.36\"","service":"database-api","timestamp":"2025-08-08T21:00:34.684Z"}
{"duration":"3ms","ip":"::1","level":"info","message":"Request completed:","method":"GET","service":"database-api","status":200,"timestamp":"2025-08-08T21:00:34.684Z","url":"/3437aee6-8543-48d7-89f5-49b256411b01/overview","userAgent":"Mozilla/5.0 (Windows NT 10.0; Win64; x64) AppleWebKit/537.36 (KHTML, like Gecko) Code/1.103.0 Chrome/138.0.7204.100 Electron/37.2.3 Safari/537.36"}
{"level":"info","message":"Updating tenant schema","schemaName":"Schema","service":"database-api","tenantId":"3437aee6-8543-48d7-89f5-49b256411b01","timestamp":"2025-08-08T21:00:34.799Z"}
{"level":"info","message":"Tenant schema JSON updated successfully","schemaId":"a8b85e8d-a31b-43e2-b3b6-8fe4e9b0aa57","schemaName":"Schema","service":"database-api","tenantId":"3437aee6-8543-48d7-89f5-49b256411b01","timestamp":"2025-08-08T21:00:34.802Z","version":42}
{"codeLength":172,"level":"info","message":"Recreating actual PostgreSQL schema from DBML","schemaId":"a8b85e8d-a31b-43e2-b3b6-8fe4e9b0aa57","service":"database-api","tenantId":"3437aee6-8543-48d7-89f5-49b256411b01","timestamp":"2025-08-08T21:00:34.802Z"}
{"level":"info","message":"Recreating schema for tenant 3437aee6-8543-48d7-89f5-49b256411b01 in tenant's own database","service":"database-api","timestamp":"2025-08-08T21:00:34.803Z"}
{"level":"info","message":"Dropped all existing tables in tenant database for complete recreation","service":"database-api","timestamp":"2025-08-08T21:00:34.805Z"}
{"level":"info","message":"Parsed DBML to SQL: 1 tables, 0 constraints","service":"database-api","timestamp":"2025-08-08T21:00:34.805Z"}
{"level":"info","message":"Created 1 tables","service":"database-api","timestamp":"2025-08-08T21:00:34.809Z"}
{"level":"info","message":"Processed 0 constraints","service":"database-api","timestamp":"2025-08-08T21:00:34.809Z"}
{"level":"info","message":"Successfully recreated schema for tenant 3437aee6-8543-48d7-89f5-49b256411b01 in their own database","service":"database-api","timestamp":"2025-08-08T21:00:34.811Z"}
{"level":"info","message":"PostgreSQL schema recreation completed successfully","schemaId":"a8b85e8d-a31b-43e2-b3b6-8fe4e9b0aa57","service":"database-api","tenantId":"3437aee6-8543-48d7-89f5-49b256411b01","timestamp":"2025-08-08T21:00:34.811Z"}
{"level":"info","message":"Tenant schema updated successfully","schemaId":"a8b85e8d-a31b-43e2-b3b6-8fe4e9b0aa57","schemaName":"Schema","service":"database-api","tenantId":"3437aee6-8543-48d7-89f5-49b256411b01","timestamp":"2025-08-08T21:00:34.811Z"}
{"level":"info","message":"::1 - - [08/Aug/2025:21:00:34 +0000] \"PUT /api/v1/schemas/3437aee6-8543-48d7-89f5-49b256411b01/update HTTP/1.1\" 200 568 \"http://localhost:3000/\" \"Mozilla/5.0 (Windows NT 10.0; Win64; x64) AppleWebKit/537.36 (KHTML, like Gecko) Code/1.103.0 Chrome/138.0.7204.100 Electron/37.2.3 Safari/537.36\"","service":"database-api","timestamp":"2025-08-08T21:00:34.812Z"}
{"duration":"13ms","ip":"::1","level":"info","message":"Request completed:","method":"PUT","service":"database-api","status":200,"timestamp":"2025-08-08T21:00:34.812Z","url":"/3437aee6-8543-48d7-89f5-49b256411b01/update","userAgent":"Mozilla/5.0 (Windows NT 10.0; Win64; x64) AppleWebKit/537.36 (KHTML, like Gecko) Code/1.103.0 Chrome/138.0.7204.100 Electron/37.2.3 Safari/537.36"}
{"level":"info","message":"Getting schema overview","service":"database-api","tenantId":"3437aee6-8543-48d7-89f5-49b256411b01","timestamp":"2025-08-08T21:00:34.815Z"}
{"level":"info","message":"Using saved DBML for tenant 3437aee6-8543-48d7-89f5-49b256411b01, parsing schema","service":"database-api","timestamp":"2025-08-08T21:00:34.817Z"}
{"level":"info","message":"Parsed DBML: 1 tables, 0 relationships","service":"database-api","timestamp":"2025-08-08T21:00:34.817Z"}
{"level":"info","message":"Schema overview retrieved successfully","relationshipsCount":0,"service":"database-api","tenantId":"3437aee6-8543-48d7-89f5-49b256411b01","timestamp":"2025-08-08T21:00:34.818Z","totalRows":0,"totalTables":1}
{"level":"info","message":"::1 - - [08/Aug/2025:21:00:34 +0000] \"GET /api/v1/schemas/3437aee6-8543-48d7-89f5-49b256411b01/overview HTTP/1.1\" 200 898 \"http://localhost:3000/\" \"Mozilla/5.0 (Windows NT 10.0; Win64; x64) AppleWebKit/537.36 (KHTML, like Gecko) Code/1.103.0 Chrome/138.0.7204.100 Electron/37.2.3 Safari/537.36\"","service":"database-api","timestamp":"2025-08-08T21:00:34.818Z"}
{"duration":"4ms","ip":"::1","level":"info","message":"Request completed:","method":"GET","service":"database-api","status":200,"timestamp":"2025-08-08T21:00:34.819Z","url":"/3437aee6-8543-48d7-89f5-49b256411b01/overview","userAgent":"Mozilla/5.0 (Windows NT 10.0; Win64; x64) AppleWebKit/537.36 (KHTML, like Gecko) Code/1.103.0 Chrome/138.0.7204.100 Electron/37.2.3 Safari/537.36"}
